# JRE version: Java(TM) SE Runtime Environment (8.0_40-b26) (build 1.8.0_40-b26)
# Java VM: Java HotSpot(TM) 64-Bit Server VM (25.40-b25 mixed mode windows-amd64 compressed oops)
Heap:
 PSYoungGen      total 328704K, used 228978K [0x00000000d5d80000, 0x00000000ebf00000, 0x0000000100000000)
  eden space 313856K, 68% used [0x00000000d5d80000,0x00000000e2eee9b8,0x00000000e9000000)
  from space 14848K, 97% used [0x00000000eb080000,0x00000000ebeadf00,0x00000000ebf00000)
  to   space 18944K, 0% used [0x00000000e9a00000,0x00000000e9a00000,0x00000000eac80000)
 ParOldGen       total 122368K, used 35273K [0x0000000081800000, 0x0000000088f80000, 0x00000000d5d80000)
  object space 122368K, 28% used [0x0000000081800000,0x0000000083a72488,0x0000000088f80000)
 Metaspace       used 68359K, capacity 73335K, committed 73600K, reserved 1112064K
  class space    used 9732K, capacity 10598K, committed 10624K, reserved 1048576K
GC Heap History (10 events):
Event: 3.582 GC heap before
{Heap before GC invocations=11 (full 2):
 PSYoungGen      total 203776K, used 11965K [0x00000000d5d80000, 0x00000000e7d00000, 0x0000000100000000)
  eden space 189952K, 0% used [0x00000000d5d80000,0x00000000d5d80000,0x00000000e1700000)
  from space 13824K, 86% used [0x00000000e1700000,0x00000000e22af628,0x00000000e2480000)
  to   space 14848K, 0% used [0x00000000e6e80000,0x00000000e6e80000,0x00000000e7d00000)
 ParOldGen       total 52224K, used 18662K [0x0000000081800000, 0x0000000084b00000, 0x00000000d5d80000)
  object space 52224K, 35% used [0x0000000081800000,0x0000000082a39bb0,0x0000000084b00000)
 Metaspace       used 33628K, capacity 35427K, committed 35496K, reserved 1079296K
  class space    used 4497K, capacity 4832K, committed 4864K, reserved 1048576K
Event: 3.648 GC heap after
Heap after GC invocations=11 (full 2):
 PSYoungGen      total 203776K, used 0K [0x00000000d5d80000, 0x00000000e7d00000, 0x0000000100000000)
  eden space 189952K, 0% used [0x00000000d5d80000,0x00000000d5d80000,0x00000000e1700000)
  from space 13824K, 0% used [0x00000000e1700000,0x00000000e1700000,0x00000000e2480000)
  to   space 14848K, 0% used [0x00000000e6e80000,0x00000000e6e80000,0x00000000e7d00000)
 ParOldGen       total 80896K, used 17898K [0x0000000081800000, 0x0000000086700000, 0x00000000d5d80000)
  object space 80896K, 22% used [0x0000000081800000,0x000000008297a9d0,0x0000000086700000)
 Metaspace       used 33628K, capacity 35427K, committed 35496K, reserved 1079296K
  class space    used 4497K, capacity 4832K, committed 4864K, reserved 1048576K
}
Event: 5.202 GC heap before
{Heap before GC invocations=12 (full 2):
 PSYoungGen      total 203776K, used 189952K [0x00000000d5d80000, 0x00000000e7d00000, 0x0000000100000000)
  eden space 189952K, 100% used [0x00000000d5d80000,0x00000000e1700000,0x00000000e1700000)
  from space 13824K, 0% used [0x00000000e1700000,0x00000000e1700000,0x00000000e2480000)
  to   space 14848K, 0% used [0x00000000e6e80000,0x00000000e6e80000,0x00000000e7d00000)
 ParOldGen       total 80896K, used 17898K [0x0000000081800000, 0x0000000086700000, 0x00000000d5d80000)
  object space 80896K, 22% used [0x0000000081800000,0x000000008297a9d0,0x0000000086700000)
 Metaspace       used 46506K, capacity 48861K, committed 49152K, reserved 1091584K
  class space    used 6355K, capacity 6817K, committed 6912K, reserved 1048576K
Event: 5.216 GC heap after
Heap after GC invocations=12 (full 2):
 PSYoungGen      total 266752K, used 14845K [0x00000000d5d80000, 0x00000000e7d00000, 0x0000000100000000)
  eden space 251904K, 0% used [0x00000000d5d80000,0x00000000d5d80000,0x00000000e5380000)
  from space 14848K, 99% used [0x00000000e6e80000,0x00000000e7cff658,0x00000000e7d00000)
  to   space 17920K, 0% used [0x00000000e5a00000,0x00000000e5a00000,0x00000000e6b80000)
 ParOldGen       total 80896K, used 20775K [0x0000000081800000, 0x0000000086700000, 0x00000000d5d80000)
  object space 80896K, 25% used [0x0000000081800000,0x0000000082c49de0,0x0000000086700000)
 Metaspace       used 46506K, capacity 48861K, committed 49152K, reserved 1091584K
  class space    used 6355K, capacity 6817K, committed 6912K, reserved 1048576K
}
Event: 6.214 GC heap before
{Heap before GC invocations=13 (full 2):
 PSYoungGen      total 266752K, used 165055K [0x00000000d5d80000, 0x00000000e7d00000, 0x0000000100000000)
  eden space 251904K, 59% used [0x00000000d5d80000,0x00000000df030958,0x00000000e5380000)
  from space 14848K, 99% used [0x00000000e6e80000,0x00000000e7cff658,0x00000000e7d00000)
  to   space 17920K, 0% used [0x00000000e5a00000,0x00000000e5a00000,0x00000000e6b80000)
 ParOldGen       total 80896K, used 20775K [0x0000000081800000, 0x0000000086700000, 0x00000000d5d80000)
  object space 80896K, 25% used [0x0000000081800000,0x0000000082c49de0,0x0000000086700000)
 Metaspace       used 56218K, capacity 59051K, committed 59160K, reserved 1099776K
  class space    used 7799K, capacity 8350K, committed 8448K, reserved 1048576K
Event: 6.229 GC heap after
Heap after GC invocations=13 (full 2):
 PSYoungGen      total 276480K, used 11878K [0x00000000d5d80000, 0x00000000ec200000, 0x0000000100000000)
  eden space 258560K, 0% used [0x00000000d5d80000,0x00000000d5d80000,0x00000000e5a00000)
  from space 17920K, 66% used [0x00000000e5a00000,0x00000000e6599b08,0x00000000e6b80000)
  to   space 17920K, 0% used [0x00000000eb080000,0x00000000eb080000,0x00000000ec200000)
 ParOldGen       total 80896K, used 29530K [0x0000000081800000, 0x0000000086700000, 0x00000000d5d80000)
  object space 80896K, 36% used [0x0000000081800000,0x00000000834d6850,0x0000000086700000)
 Metaspace       used 56218K, capacity 59051K, committed 59160K, reserved 1099776K
  class space    used 7799K, capacity 8350K, committed 8448K, reserved 1048576K
}
Event: 6.229 GC heap before
{Heap before GC invocations=14 (full 3):
 PSYoungGen      total 276480K, used 11878K [0x00000000d5d80000, 0x00000000ec200000, 0x0000000100000000)
  eden space 258560K, 0% used [0x00000000d5d80000,0x00000000d5d80000,0x00000000e5a00000)
  from space 17920K, 66% used [0x00000000e5a00000,0x00000000e6599b08,0x00000000e6b80000)
  to   space 17920K, 0% used [0x00000000eb080000,0x00000000eb080000,0x00000000ec200000)
 ParOldGen       total 80896K, used 29530K [0x0000000081800000, 0x0000000086700000, 0x00000000d5d80000)
  object space 80896K, 36% used [0x0000000081800000,0x00000000834d6850,0x0000000086700000)
 Metaspace       used 56218K, capacity 59051K, committed 59160K, reserved 1099776K
  class space    used 7799K, capacity 8350K, committed 8448K, reserved 1048576K
Event: 6.409 GC heap after
Heap after GC invocations=14 (full 3):
 PSYoungGen      total 276480K, used 0K [0x00000000d5d80000, 0x00000000ec200000, 0x0000000100000000)
  eden space 258560K, 0% used [0x00000000d5d80000,0x00000000d5d80000,0x00000000e5a00000)
  from space 17920K, 0% used [0x00000000e5a00000,0x00000000e5a00000,0x00000000e6b80000)
  to   space 17920K, 0% used [0x00000000eb080000,0x00000000eb080000,0x00000000ec200000)
 ParOldGen       total 122368K, used 35265K [0x0000000081800000, 0x0000000088f80000, 0x00000000d5d80000)
  object space 122368K, 28% used [0x0000000081800000,0x0000000083a70488,0x0000000088f80000)
 Metaspace       used 56218K, capacity 59051K, committed 59160K, reserved 1099776K
  class space    used 7799K, capacity 8350K, committed 8448K, reserved 1048576K
}
Event: 7.933 GC heap before
{Heap before GC invocations=15 (full 3):
 PSYoungGen      total 276480K, used 258560K [0x00000000d5d80000, 0x00000000ec200000, 0x0000000100000000)
  eden space 258560K, 100% used [0x00000000d5d80000,0x00000000e5a00000,0x00000000e5a00000)
  from space 17920K, 0% used [0x00000000e5a00000,0x00000000e5a00000,0x00000000e6b80000)
  to   space 17920K, 0% used [0x00000000eb080000,0x00000000eb080000,0x00000000ec200000)
 ParOldGen       total 122368K, used 35265K [0x0000000081800000, 0x0000000088f80000, 0x00000000d5d80000)
  object space 122368K, 28% used [0x0000000081800000,0x0000000083a70488,0x0000000088f80000)
 Metaspace       used 61242K, capacity 65001K, committed 65152K, reserved 1105920K
  class space    used 8662K, capacity 9328K, committed 9344K, reserved 1048576K
Event: 7.946 GC heap after
Heap after GC invocations=15 (full 3):
 PSYoungGen      total 328704K, used 14519K [0x00000000d5d80000, 0x00000000ebf00000, 0x0000000100000000)
  eden space 313856K, 0% used [0x00000000d5d80000,0x00000000d5d80000,0x00000000e9000000)
  from space 14848K, 97% used [0x00000000eb080000,0x00000000ebeadf00,0x00000000ebf00000)
  to   space 18944K, 0% used [0x00000000e9a00000,0x00000000e9a00000,0x00000000eac80000)
 ParOldGen       total 122368K, used 35273K [0x0000000081800000, 0x0000000088f80000, 0x00000000d5d80000)
  object space 122368K, 28% used [0x0000000081800000,0x0000000083a72488,0x0000000088f80000)
 Metaspace       used 61242K, capacity 65001K, committed 65152K, reserved 1105920K
  class space    used 8662K, capacity 9328K, committed 9344K, reserved 1048576K
}

